c:\users\nsg650\source\repos\noraos\noraos\x64\debug\mem.obj
c:\users\nsg650\source\repos\noraos\noraos\x64\debug\mem.cod
c:\users\nsg650\source\repos\noraos\noraos\x64\debug\write.obj
c:\users\nsg650\source\repos\noraos\noraos\x64\debug\write.cod
c:\users\nsg650\source\repos\noraos\noraos\x64\debug\kiinit.obj
c:\users\nsg650\source\repos\noraos\noraos\x64\debug\kiinit.cod
c:\users\nsg650\source\repos\noraos\noraos\x64\debug\init.obj
c:\users\nsg650\source\repos\noraos\noraos\x64\debug\init.cod
c:\users\nsg650\source\repos\noraos\noraos\x64\debug\string.obj
c:\users\nsg650\source\repos\noraos\noraos\x64\debug\string.cod
c:\users\nsg650\source\repos\noraos\x64\debug\kernel64.pdb
c:\users\nsg650\source\repos\noraos\noraos\x64\debug\noraos.tlog\cl.11848.write.1.tlog
c:\users\nsg650\source\repos\noraos\noraos\x64\debug\noraos.tlog\cl.command.1.tlog
c:\users\nsg650\source\repos\noraos\noraos\x64\debug\noraos.tlog\cl.read.1.tlog
c:\users\nsg650\source\repos\noraos\noraos\x64\debug\noraos.tlog\link-cvtres.read.1.tlog
c:\users\nsg650\source\repos\noraos\noraos\x64\debug\noraos.tlog\link-cvtres.write.1.tlog
c:\users\nsg650\source\repos\noraos\noraos\x64\debug\noraos.tlog\link-rc.read.1.tlog
c:\users\nsg650\source\repos\noraos\noraos\x64\debug\noraos.tlog\link-rc.write.1.tlog
c:\users\nsg650\source\repos\noraos\noraos\x64\debug\noraos.tlog\link.command.1.tlog
c:\users\nsg650\source\repos\noraos\noraos\x64\debug\noraos.tlog\link.read.1.tlog
c:\users\nsg650\source\repos\noraos\noraos\x64\debug\noraos.tlog\link.write.1.tlog
