c:\users\nsg650\source\repos\noraos\noraos\x64\release\write.obj
c:\users\nsg650\source\repos\noraos\noraos\x64\release\string.obj
c:\users\nsg650\source\repos\noraos\noraos\x64\release\mem.obj
c:\users\nsg650\source\repos\noraos\noraos\x64\release\kiinit.obj
c:\users\nsg650\source\repos\noraos\noraos\x64\release\init.obj
c:\users\nsg650\source\repos\noraos\x64\release\kernel64.sys
c:\users\nsg650\source\repos\noraos\noraos\x64\release\init.cod
c:\users\nsg650\source\repos\noraos\noraos\x64\release\write.cod
c:\users\nsg650\source\repos\noraos\noraos\x64\release\kiinit.cod
c:\users\nsg650\source\repos\noraos\noraos\x64\release\mem.cod
c:\users\nsg650\source\repos\noraos\noraos\x64\release\string.cod
c:\users\nsg650\source\repos\noraos\noraos\x64\release\kernel64.iobj
c:\users\nsg650\source\repos\noraos\x64\release\kernel64.map
c:\users\nsg650\source\repos\noraos\x64\release\kernel64.pdb
c:\users\nsg650\source\repos\noraos\noraos\x64\release\kernel64.ipdb
c:\users\nsg650\source\repos\noraos\noraos\x64\release\noraos.tlog\cl.command.1.tlog
c:\users\nsg650\source\repos\noraos\noraos\x64\release\noraos.tlog\cl.read.1.tlog
c:\users\nsg650\source\repos\noraos\noraos\x64\release\noraos.tlog\cl.write.1.tlog
c:\users\nsg650\source\repos\noraos\noraos\x64\release\noraos.tlog\link.command.1.tlog
c:\users\nsg650\source\repos\noraos\noraos\x64\release\noraos.tlog\link.read.1.tlog
c:\users\nsg650\source\repos\noraos\noraos\x64\release\noraos.tlog\link.write.1.tlog
